<?xml version="1.0" encoding="UTF-8"?>
<!-- Generated by org.testng.reporters.JUnitReportReporter -->
<testsuite skipped="0" hostname="DESKTOP-3BPQ3RI" name="com.auto.runner.Runner" tests="1" failures="0" timestamp="20 Oct 2022 00:23:09 GMT" time="9.459" errors="0">
  <testcase name="runScenario" time="9.459" classname="com.auto.runner.Runner"/>
</testsuite> <!-- com.auto.runner.Runner -->
